Aggregate PubStats: PubStats {
    outgoing_publish: 1000000,
    throughput: 181005.58,
    reconnects: 0,
}
Aggregate SubStats: SubStats {
    publish_count: 10000000,
    puback_count: 0,
    reconnects: 0,
    throughput: 1296665.0,
}
Aggregate PubStats: PubStats {
    outgoing_publish: 1000000,
    throughput: 179423.47,
    reconnects: 0,
}
Aggregate SubStats: SubStats {
    publish_count: 10000000,
    puback_count: 0,
    reconnects: 0,
    throughput: 1188092.3,
}
Aggregate PubStats: PubStats {
    outgoing_publish: 1000000,
    throughput: 179921.83,
    reconnects: 0,
}
Aggregate SubStats: SubStats {
    publish_count: 10000000,
    puback_count: 0,
    reconnects: 0,
    throughput: 1558676.5,
}
